app/build/outputs/logs/manifest-merger-debug-report.txt
-- Merging decision tree log ---
manifest
ADDED from src\main\AndroidManifest.xml:2:1-142:12
	package
		ADDED from src\main\AndroidManifest.xml:4:5-32
		INJECTED from src\main\AndroidManifest.xml
		INJECTED from src\main\AndroidManifest.xml
	android:versionName
		ADDED from src\main\AndroidManifest.xml:8:5-30
		INJECTED from src\main\AndroidManifest.xml
		INJECTED from src\main\AndroidManifest.xml
	xmlns:tools
		ADDED from src\main\AndroidManifest.xml:3:5-51
	android:versionCode
		ADDED from src\main\AndroidManifest.xml:7:5-28
		INJECTED from src\main\AndroidManifest.xml
		INJECTED from src\main\AndroidManifest.xml
	xmlns:android
		ADDED from src\main\AndroidManifest.xml:2:11-69
	android:installLocation
		ADDED from src\main\AndroidManifest.xml:5:5-45
	android:theme
		ADDED from src\main\AndroidManifest.xml:6:5-41
uses-sdk
ADDED from src\main\AndroidManifest.xml:10:5-12:41
MERGED from [com.android.support:design:23.4.0] AndroidManifest.xml:20:5-43
MERGED from [com.android.support:recyclerview-v7:23.4.0] AndroidManifest.xml:20:5-43
MERGED from [com.google.android.gms:play-services-appindexing:8.1.0] AndroidManifest.xml:18:5-42
MERGED from [com.google.android.gms:play-services-basement:8.1.0] AndroidManifest.xml:18:5-42
MERGED from [com.facebook.android:facebook-android-sdk:4.19.0] AndroidManifest.xml:24:5-26:41
MERGED from [com.android.support:appcompat-v7:25.0.0] AndroidManifest.xml:21:5-23:78
MERGED from [com.android.support:support-v4:25.0.0] AndroidManifest.xml:21:5-23:54
MERGED from [com.android.support:support-fragment:25.0.0] AndroidManifest.xml:21:5-23:60
MERGED from [com.android.support:support-media-compat:25.0.0] AndroidManifest.xml:21:5-23:63
MERGED from [com.android.support:support-core-ui:25.0.0] AndroidManifest.xml:21:5-23:58
MERGED from [com.android.support:support-core-utils:25.0.0] AndroidManifest.xml:21:5-23:61
MERGED from [com.android.support:animated-vector-drawable:25.0.0] AndroidManifest.xml:20:5-44
MERGED from [com.android.support:support-vector-drawable:25.0.0] AndroidManifest.xml:21:5-43
MERGED from [com.android.support:cardview-v7:25.0.0] AndroidManifest.xml:20:5-43
MERGED from [com.android.support:customtabs:25.0.0] AndroidManifest.xml:20:5-44
MERGED from [com.android.support:support-compat:25.0.0] AndroidManifest.xml:21:5-23:58
	tools:overrideLibrary
		ADDED from [com.android.support:appcompat-v7:25.0.0] AndroidManifest.xml:23:9-75
	android:targetSdkVersion
		ADDED from src\main\AndroidManifest.xml:12:9-38
		INJECTED from src\main\AndroidManifest.xml
		INJECTED from src\main\AndroidManifest.xml
	android:minSdkVersion
		ADDED from src\main\AndroidManifest.xml:11:9-35
		INJECTED from src\main\AndroidManifest.xml
		INJECTED from src\main\AndroidManifest.xml
uses-feature#android.hardware.camera
ADDED from src\main\AndroidManifest.xml:14:5-60
	android:name
		ADDED from src\main\AndroidManifest.xml:14:19-57
supports-screens
ADDED from src\main\AndroidManifest.xml:16:5-21:40
	android:largeScreens
		ADDED from src\main\AndroidManifest.xml:18:9-36
	android:smallScreens
		ADDED from src\main\AndroidManifest.xml:20:9-36
	android:normalScreens
		ADDED from src\main\AndroidManifest.xml:19:9-37
	android:xlargeScreens
		ADDED from src\main\AndroidManifest.xml:21:9-37
	android:anyDensity
		ADDED from src\main\AndroidManifest.xml:17:9-34
uses-permission#android.permission.INTERNET
ADDED from src\main\AndroidManifest.xml:23:5-67
	android:name
		ADDED from src\main\AndroidManifest.xml:23:22-64
uses-permission#android.permission.CAMERA
ADDED from src\main\AndroidManifest.xml:24:5-65
	android:name
		ADDED from src\main\AndroidManifest.xml:24:22-62
uses-permission#android.permission.ACCESS_NETWORK_STATE
ADDED from src\main\AndroidManifest.xml:25:5-79
	android:name
		ADDED from src\main\AndroidManifest.xml:25:22-76
uses-permission#android.permission.NFC
ADDED from src\main\AndroidManifest.xml:26:5-62
	android:name
		ADDED from src\main\AndroidManifest.xml:26:22-59
uses-feature#android.hardware.nfc
ADDED from src\main\AndroidManifest.xml:28:5-30:35
	android:required
		ADDED from src\main\AndroidManifest.xml:30:9-32
	android:name
		ADDED from src\main\AndroidManifest.xml:29:9-44
uses-feature#0x00020000
ADDED from src\main\AndroidManifest.xml:31:5-54
	android:glEsVersion
		ADDED from src\main\AndroidManifest.xml:31:19-51
uses-feature#android.hardware.camera.autofocus
ADDED from src\main\AndroidManifest.xml:32:5-34:36
	android:required
		ADDED from src\main\AndroidManifest.xml:34:9-33
	android:name
		ADDED from src\main\AndroidManifest.xml:33:9-57
uses-feature#android.hardware.camera.front
ADDED from src\main\AndroidManifest.xml:35:5-37:36
	android:required
		ADDED from src\main\AndroidManifest.xml:37:9-33
	android:name
		ADDED from src\main\AndroidManifest.xml:36:9-53
uses-feature#android.hardware.touchscreen
ADDED from src\main\AndroidManifest.xml:38:5-40:36
	android:required
		ADDED from src\main\AndroidManifest.xml:40:9-33
	android:name
		ADDED from src\main\AndroidManifest.xml:39:9-52
uses-feature#android.hardware.touchscreen.multitouch
ADDED from src\main\AndroidManifest.xml:41:5-43:36
	android:required
		ADDED from src\main\AndroidManifest.xml:43:9-33
	android:name
		ADDED from src\main\AndroidManifest.xml:42:9-63
uses-feature#android.hardware.touchscreen.multitouch.distinct
ADDED from src\main\AndroidManifest.xml:44:5-46:36
	android:required
		ADDED from src\main\AndroidManifest.xml:46:9-33
	android:name
		ADDED from src\main\AndroidManifest.xml:45:9-72
android:uses-permission#android.permission.READ_PHONE_STATE
ADDED from src\main\AndroidManifest.xml:48:5-83
	android:name
		ADDED from src\main\AndroidManifest.xml:48:30-80
android:uses-permission#android.permission.WRITE_EXTERNAL_STORAGE
ADDED from src\main\AndroidManifest.xml:49:5-89
	android:name
		ADDED from src\main\AndroidManifest.xml:49:30-86
android:uses-permission#android.permission.READ_EXTERNAL_STORAGE
ADDED from src\main\AndroidManifest.xml:50:5-88
	android:name
		ADDED from src\main\AndroidManifest.xml:50:30-85
application
ADDED from src\main\AndroidManifest.xml:52:5-140:19
MERGED from [com.android.support:design:23.4.0] AndroidManifest.xml:22:5-20
MERGED from [com.google.android.gms:play-services-appindexing:8.1.0] AndroidManifest.xml:19:5-20
MERGED from [com.google.android.gms:play-services-basement:8.1.0] AndroidManifest.xml:20:5-24:19
MERGED from [com.facebook.android:facebook-android-sdk:4.19.0] AndroidManifest.xml:28:5-48:19
MERGED from [com.android.support:appcompat-v7:25.0.0] AndroidManifest.xml:25:5-20
MERGED from [com.android.support:support-v4:25.0.0] AndroidManifest.xml:25:5-20
MERGED from [com.android.support:support-fragment:25.0.0] AndroidManifest.xml:25:5-20
MERGED from [com.android.support:support-media-compat:25.0.0] AndroidManifest.xml:25:5-20
MERGED from [com.android.support:support-core-ui:25.0.0] AndroidManifest.xml:25:5-20
MERGED from [com.android.support:support-core-utils:25.0.0] AndroidManifest.xml:25:5-20
MERGED from [com.android.support:animated-vector-drawable:25.0.0] AndroidManifest.xml:22:5-20
MERGED from [com.android.support:support-vector-drawable:25.0.0] AndroidManifest.xml:23:5-20
MERGED from [com.android.support:cardview-v7:25.0.0] AndroidManifest.xml:22:5-20
MERGED from [com.android.support:customtabs:25.0.0] AndroidManifest.xml:22:5-20
MERGED from [com.android.support:support-compat:25.0.0] AndroidManifest.xml:25:5-20
	android:label
		ADDED from src\main\AndroidManifest.xml:57:9-41
	android:icon
		ADDED from src\main\AndroidManifest.xml:55:9-42
	android:banner
		ADDED from src\main\AndroidManifest.xml:53:9-46
	android:description
		ADDED from src\main\AndroidManifest.xml:54:9-54
	android:theme
		ADDED from src\main\AndroidManifest.xml:58:9-67
	android:isGame
		ADDED from src\main\AndroidManifest.xml:56:9-30
meta-data#com.facebook.sdk.ApplicationId
ADDED from src\main\AndroidManifest.xml:59:9-61:55
	android:value
		ADDED from src\main\AndroidManifest.xml:61:13-52
	android:name
		ADDED from src\main\AndroidManifest.xml:60:13-58
provider#com.facebook.FacebookContentProvider
ADDED from src\main\AndroidManifest.xml:63:9-66:39
	android:authorities
		ADDED from src\main\AndroidManifest.xml:64:13-91
	android:exported
		ADDED from src\main\AndroidManifest.xml:66:13-36
	android:name
		ADDED from src\main\AndroidManifest.xml:65:13-64
activity#com.fon.Scavenger.UnityPlayerNativeActivity
ADDED from src\main\AndroidManifest.xml:68:9-81:20
	android:process
		ADDED from src\main\AndroidManifest.xml:73:13-39
	android:screenOrientation
		ADDED from src\main\AndroidManifest.xml:74:13-51
	android:label
		ADDED from src\main\AndroidManifest.xml:71:13-45
	android:launchMode
		ADDED from src\main\AndroidManifest.xml:72:13-44
	android:configChanges
		ADDED from src\main\AndroidManifest.xml:70:13-170
	android:name
		ADDED from src\main\AndroidManifest.xml:69:13-54
meta-data#unityplayer.UnityActivity
ADDED from src\main\AndroidManifest.xml:75:13-77:40
	android:value
		ADDED from src\main\AndroidManifest.xml:77:17-37
	android:name
		ADDED from src\main\AndroidManifest.xml:76:17-57
meta-data#unityplayer.ForwardNativeEventsToDalvik
ADDED from src\main\AndroidManifest.xml:78:13-80:41
	android:value
		ADDED from src\main\AndroidManifest.xml:80:17-38
	android:name
		ADDED from src\main\AndroidManifest.xml:79:17-71
activity#com.unity3d.player.VideoPlayer
ADDED from src\main\AndroidManifest.xml:82:9-86:52
	android:screenOrientation
		ADDED from src\main\AndroidManifest.xml:86:13-49
	android:label
		ADDED from src\main\AndroidManifest.xml:85:13-45
	android:configChanges
		ADDED from src\main\AndroidManifest.xml:84:13-170
	android:name
		ADDED from src\main\AndroidManifest.xml:83:13-58
activity#moje.src.Main2Activity
ADDED from src\main\AndroidManifest.xml:88:9-91:54
	android:launchMode
		ADDED from src\main\AndroidManifest.xml:90:13-43
	android:theme
		ADDED from src\main\AndroidManifest.xml:91:13-51
	android:name
		ADDED from src\main\AndroidManifest.xml:89:13-50
activity#moje.src.CitacRFID
ADDED from src\main\AndroidManifest.xml:92:9-102:20
	android:name
		ADDED from src\main\AndroidManifest.xml:92:19-52
intent-filter#android.intent.category.DEFAULT+android.nfc.action.TECH_DISCOVERED
ADDED from src\main\AndroidManifest.xml:93:13-97:29
action#android.nfc.action.TECH_DISCOVERED
ADDED from src\main\AndroidManifest.xml:94:17-77
	android:name
		ADDED from src\main\AndroidManifest.xml:94:25-74
category#android.intent.category.DEFAULT
ADDED from src\main\AndroidManifest.xml:96:17-76
	android:name
		ADDED from src\main\AndroidManifest.xml:96:27-73
meta-data#android.nfc.action.TECH_DISCOVERED
ADDED from src\main\AndroidManifest.xml:99:13-101:59
	android:resource
		ADDED from src\main\AndroidManifest.xml:101:17-56
	android:name
		ADDED from src\main\AndroidManifest.xml:100:17-66
activity#moje.src.ActivitySplashScreen
ADDED from src\main\AndroidManifest.xml:103:9-113:20
	android:screenOrientation
		ADDED from src\main\AndroidManifest.xml:107:13-49
	android:noHistory
		ADDED from src\main\AndroidManifest.xml:106:13-37
	android:configChanges
		ADDED from src\main\AndroidManifest.xml:105:13-93
	android:name
		ADDED from src\main\AndroidManifest.xml:104:13-57
intent-filter#android.intent.action.MAIN+android.intent.category.LAUNCHER
ADDED from src\main\AndroidManifest.xml:108:13-112:29
action#android.intent.action.MAIN
ADDED from src\main\AndroidManifest.xml:109:17-69
	android:name
		ADDED from src\main\AndroidManifest.xml:109:25-66
category#android.intent.category.LAUNCHER
ADDED from src\main\AndroidManifest.xml:111:17-77
	android:name
		ADDED from src\main\AndroidManifest.xml:111:27-74
uses-library#com.ti.s3d
ADDED from src\main\AndroidManifest.xml:120:9-122:40
	android:required
		ADDED from src\main\AndroidManifest.xml:122:13-37
	android:name
		ADDED from src\main\AndroidManifest.xml:121:13-38
uses-library#com.osterhoutgroup.api.ext
ADDED from src\main\AndroidManifest.xml:124:9-126:40
	android:required
		ADDED from src\main\AndroidManifest.xml:126:13-37
	android:name
		ADDED from src\main\AndroidManifest.xml:125:13-54
activity#moje.src.LogInActivity
ADDED from src\main\AndroidManifest.xml:128:9-59
	android:name
		ADDED from src\main\AndroidManifest.xml:128:19-56
activity#com.facebook.FacebookActivity
ADDED from src\main\AndroidManifest.xml:129:9-134:45
MERGED from [com.facebook.android:facebook-android-sdk:4.19.0] AndroidManifest.xml:29:9-32:66
	android:label
		ADDED from src\main\AndroidManifest.xml:132:13-45
	android:configChanges
		ADDED from src\main\AndroidManifest.xml:131:13-96
	android:theme
		ADDED from src\main\AndroidManifest.xml:133:13-72
		REJECTED from [com.facebook.android:facebook-android-sdk:4.19.0] AndroidManifest.xml:32:13-63
	tools:replace
		ADDED from src\main\AndroidManifest.xml:134:13-42
	android:name
		ADDED from src\main\AndroidManifest.xml:130:13-57
activity#moje.src.FBLogin
ADDED from src\main\AndroidManifest.xml:135:9-62
	android:name
		ADDED from src\main\AndroidManifest.xml:135:19-50
meta-data#com.google.android.gms.version
ADDED from src\main\AndroidManifest.xml:137:9-139:69
MERGED from [com.google.android.gms:play-services-basement:8.1.0] AndroidManifest.xml:21:9-23:69
	android:value
		ADDED from src\main\AndroidManifest.xml:139:13-66
	android:name
		ADDED from src\main\AndroidManifest.xml:138:13-58
activity#com.facebook.CustomTabMainActivity
ADDED from [com.facebook.android:facebook-android-sdk:4.19.0] AndroidManifest.xml:33:9-71
	android:name
		ADDED from [com.facebook.android:facebook-android-sdk:4.19.0] AndroidManifest.xml:33:19-68
provider#com.facebook.internal.FacebookInitProvider
ADDED from [com.facebook.android:facebook-android-sdk:4.19.0] AndroidManifest.xml:44:9-47:40
	android:authorities
		ADDED from [com.facebook.android:facebook-android-sdk:4.19.0] AndroidManifest.xml:46:13-72
	android:exported
		ADDED from [com.facebook.android:facebook-android-sdk:4.19.0] AndroidManifest.xml:47:13-37
	android:name
		ADDED from [com.facebook.android:facebook-android-sdk:4.19.0] AndroidManifest.xml:45:13-70